[19:29:06] [Client thread/INFO]: Setting user: Chalkie
[19:29:07] [Client thread/WARN]: Skipping bad option: lastServer:
[19:29:07] [Client thread/INFO]: LWJGL Version: 2.9.4
[19:29:08] [Client thread/INFO]: Reloading ResourceManager: Default, TCMC - WW
[19:29:09] [Sound Library Loader/INFO]: Starting up SoundSystem...
[19:29:09] [Thread-5/INFO]: Initializing LWJGL OpenAL
[19:29:09] [Thread-5/INFO]: (The LWJGL binding of OpenAL.  For more information, see http://www.lwjgl.org)
[19:29:09] [Thread-5/INFO]: OpenAL initialized.
[19:29:09] [Sound Library Loader/INFO]: Sound engine started
[19:29:13] [Client thread/INFO]: Created: 2048x2048 textures-atlas
[19:29:17] [Realms Notification Availability checker #1/INFO]: Could not authorize you against Realms server: Invalid session id
[19:29:51] [Client thread/INFO]: Connecting to minecraft.tagcraftmc.com., 23456
[19:29:52] [Client thread/INFO]: [CHAT] [EnjinMinecraftPlugin] Auth key is invalid. Please generate a new one.
[19:29:52] [Client thread/INFO]: [CHAT] An update for PlaceholderAPI (PlaceholderAPI v2.7.1)
[19:29:52] [Client thread/INFO]: [CHAT] is available at https://www.spigotmc.org/resources/placeholderapi.6245/
[19:29:52] [Client thread/INFO]: [CHAT] [AsyncWorldEdit] You have an old version of the plugin. Your version: 3.4.8, available version: 3.4.9
[19:29:52] [Client thread/INFO]: [CHAT] Welcome, Chalkie!
[19:29:52] [Client thread/INFO]: [CHAT] Type /help for a list of commands.
[19:29:52] [Client thread/INFO]: [CHAT] Type /list to see who else is online.
[19:29:52] [Client thread/INFO]: [CHAT] Players online: 0 - World time: 4:33 AM
[19:29:54] [Client thread/INFO]: [CHAT]  ????????????[Login Required]????????????           Please press the letter T on your keyboard                 and type /login followed by the password                           for your account.            If you require more help, please visit our wiki.                        www.tagcraftmc.com/wiki  ????????????[Login Required]???????????? 
[19:29:59] [Client thread/INFO]: [CHAT] [TMCS] Attempting to send you to the server factions . If this fails, please check the spelling.
[19:30:00] [Client thread/INFO]: [CHAT] You have 1 unread message. /mail read
[19:30:00] [Client thread/INFO]: [CHAT] Current Tool: Default Tool
[19:30:00] [Client thread/INFO]: [CHAT] Brush Type: Snipe
[19:30:00] [Client thread/INFO]: [CHAT] Performer: Material
[19:30:00] [Client thread/INFO]: [CHAT] Voxel: 0 (AIR)
[19:30:00] [Client thread/INFO]: [CHAT] An update for PlaceholderAPI (PlaceholderAPI v2.7.1)
[19:30:00] [Client thread/INFO]: [CHAT] is available at https://www.spigotmc.org/resources/placeholderapi.6245/
[19:30:00] [Client thread/INFO]: [CHAT] [AsyncWorldEdit] You have an old version of the plugin. Your version: 3.4.8, available version: 3.4.9
[19:30:00] [Client thread/INFO]: [CHAT] !!! READ ME !!! READ ME !!! READ ME !!! READ ME !!! READ ME
[19:30:00] [Client thread/INFO]: [CHAT] 
[19:30:00] [Client thread/INFO]: [CHAT] UNLESS YOUR BUILDING IS PLACED IN THE factions_spawn WORLD PLEASE DON'T BUILD IN THERE. THE WORLD YOU BUILD IN IS factions_spawn_build. USE THE COMMAND /whois YOURNAMEHERE TO SEE WHAT WORLD YOU'RE IN.
[19:30:00] [Client thread/INFO]: [CHAT] 
[19:30:00] [Client thread/INFO]: [CHAT] ANY BUILDINGS NOT ACCEPTED THAT ARE IN THAT WORLD WILL BE REMOVED. REPEATED BUILDS WILL REQUIRE ADDITIONAL... PUNISHMENT.EXE
[19:30:00] [Client thread/INFO]: [CHAT] 
[19:30:00] [Client thread/INFO]: [CHAT] Thank you all for your great effort.
[19:30:00] [Client thread/INFO]: [CHAT] You have no new mail.
[19:30:01] [Client thread/INFO]: [CHAT] >>> THIS IS THE BUILD WORLD
[19:30:09] [Client thread/INFO]: [CHAT] Warping to coolshop2.
[19:30:16] [Client thread/INFO]: [CHAT] Set game mode creative for ~Chalkie.
[19:30:24] [Client thread/INFO]: [CHAT] [Chat]  _Deadangel_: hai [x]
[19:33:24] [Client thread/INFO]: [CHAT] [Chat]  _Deadangel_: Chalkie [x]
[19:33:25] [Client thread/INFO]: [CHAT] [Chat]  _Deadangel_: ? [x]
[19:36:05] [Client thread/INFO]: [CHAT] * ~Chalkie is now AFK.
